[debug] [2022-10-11T15:55:23.266Z] ----------------------------------------------------------------------
[debug] [2022-10-11T15:55:23.268Z] Command:       C:\Program Files\nodejs\node.exe C:\Program Files\nodejs\node_modules\firebase-tools\lib\bin\firebase.js init hosting:github
[debug] [2022-10-11T15:55:23.268Z] CLI Version:   10.9.2
[debug] [2022-10-11T15:55:23.268Z] Platform:      win32
[debug] [2022-10-11T15:55:23.268Z] Node Version:  v12.22.12
[debug] [2022-10-11T15:55:23.269Z] Time:          Tue Oct 11 2022 10:55:23 GMT-0500 (Central Daylight Time)
[debug] [2022-10-11T15:55:23.269Z] ----------------------------------------------------------------------
[debug] 
[debug] [2022-10-11T15:55:23.272Z] >>> [apiv2][query] GET https://firebase-public.firebaseio.com/cli.json [none]
[debug] [2022-10-11T15:55:23.344Z] > command requires scopes: ["email","openid","https://www.googleapis.com/auth/cloudplatformprojects.readonly","https://www.googleapis.com/auth/firebase","https://www.googleapis.com/auth/cloud-platform"]
[debug] [2022-10-11T15:55:23.345Z] > authorizing via signed-in user (tricam@umn.edu)
[info] 
     ######## #### ########  ######## ########     ###     ######  ########
     ##        ##  ##     ## ##       ##     ##  ##   ##  ##       ##
     ######    ##  ########  ######   ########  #########  ######  ######
     ##        ##  ##    ##  ##       ##     ## ##     ##       ## ##
     ##       #### ##     ## ######## ########  ##     ##  ######  ########

You're about to initialize a Firebase project in this directory:

  C:\Users\Alexis Cruz\Documents\TRiCAM Lab\Effort Task\task-effort-deploy

Before we get started, keep in mind:

  * You are initializing within an existing Firebase project directory

[debug] [2022-10-11T15:55:23.460Z] <<< [apiv2][status] GET https://firebase-public.firebaseio.com/cli.json 200
[debug] [2022-10-11T15:55:23.461Z] <<< [apiv2][body] GET https://firebase-public.firebaseio.com/cli.json {"cloudBuildErrorAfter":1594252800000,"cloudBuildWarnAfter":1590019200000,"defaultNode10After":1594252800000,"minVersion":"3.0.5","node8DeploysDisabledAfter":1613390400000,"node8RuntimeDisabledAfter":1615809600000,"node8WarnAfter":1600128000000}
[info] 
=== Project Setup
[info] 
[info] First, let's associate this project directory with a Firebase project.
[info] You can create multiple project aliases by running firebase use --add, 
[info] but for now we'll just set up a default project.
[info] 
[debug] [2022-10-11T15:55:38.328Z] Using project from CLI flag: task-effort
[debug] [2022-10-11T15:55:38.329Z] > refreshing access token with scopes: []
[debug] [2022-10-11T15:55:38.330Z] >>> HTTP REQUEST POST https://www.googleapis.com/oauth2/v3/token  
 <request body omitted>
[debug] [2022-10-11T15:55:38.458Z] <<< HTTP RESPONSE 200 {"cache-control":"no-cache, no-store, max-age=0, must-revalidate","date":"Tue, 11 Oct 2022 15:55:38 GMT","expires":"Mon, 01 Jan 1990 00:00:00 GMT","pragma":"no-cache","content-type":"application/json; charset=utf-8","vary":"X-Origin, Referer, Origin,Accept-Encoding","server":"scaffolding on HTTPServer2","x-xss-protection":"0","x-frame-options":"SAMEORIGIN","x-content-type-options":"nosniff","alt-svc":"h3=\":443\"; ma=2592000,h3-29=\":443\"; ma=2592000,h3-Q050=\":443\"; ma=2592000,h3-Q046=\":443\"; ma=2592000,h3-Q043=\":443\"; ma=2592000,quic=\":443\"; ma=2592000; v=\"46,43\"","accept-ranges":"none","transfer-encoding":"chunked"}
[debug] [2022-10-11T15:55:38.478Z] >>> [apiv2][query] GET https://firebase.googleapis.com/v1beta1/projects/task-effort [none]
[debug] [2022-10-11T15:55:38.653Z] <<< [apiv2][status] GET https://firebase.googleapis.com/v1beta1/projects/task-effort 403
[debug] [2022-10-11T15:55:38.654Z] <<< [apiv2][body] GET https://firebase.googleapis.com/v1beta1/projects/task-effort {"error":{"code":403,"message":"The caller does not have permission","status":"PERMISSION_DENIED"}}
[debug] [2022-10-11T15:55:38.654Z] HTTP Error: 403, The caller does not have permission
[debug] [2022-10-11T15:55:38.655Z] FirebaseError: HTTP Error: 403, The caller does not have permission
    at module.exports (C:\Users\Alexis Cruz\AppData\Roaming\nvm\v12.22.12\node_modules\firebase-tools\lib\responseToError.js:47:12)
    at RetryOperation._fn (C:\Users\Alexis Cruz\AppData\Roaming\nvm\v12.22.12\node_modules\firebase-tools\lib\apiv2.js:286:39)
    at processTicksAndRejections (internal/process/task_queues.js:97:5)
[error] 
[error] Error: Failed to get Firebase project task-effort. Please make sure the project exists and your account has permission to access it.
